The system is: Linux - 4.10.13-200.fc25.x86_64 - x86_64
Compiling the C compiler identification source file "CMakeCCompilerId.c" succeeded.
Compiler: /usr/bin/cc 
Build flags: 
Id flags: 

The output was:
0


Compilation of the C compiler identification source "CMakeCCompilerId.c" produced "a.out"

The C compiler identification is GNU, found in "/home/yanis/Bureau/IHM_Lecteur/IHM_Lecteur/taglib/CMakeFiles/3.6.2/CompilerIdC/a.out"

Compiling the CXX compiler identification source file "CMakeCXXCompilerId.cpp" succeeded.
Compiler: /usr/bin/c++ 
Build flags: 
Id flags: 

The output was:
0


Compilation of the CXX compiler identification source "CMakeCXXCompilerId.cpp" produced "a.out"

The CXX compiler identification is GNU, found in "/home/yanis/Bureau/IHM_Lecteur/IHM_Lecteur/taglib/CMakeFiles/3.6.2/CompilerIdCXX/a.out"

Determining if the C compiler works passed with the following output:
Change Dir: /home/yanis/Bureau/IHM_Lecteur/IHM_Lecteur/taglib/CMakeFiles/CMakeTmp

Run Build Command:"/usr/bin/gmake" "cmTC_1212f/fast"
/usr/bin/gmake -f CMakeFiles/cmTC_1212f.dir/build.make CMakeFiles/cmTC_1212f.dir/build
gmake[1] : on entre dans le répertoire « /home/yanis/Bureau/IHM_Lecteur/IHM_Lecteur/taglib/CMakeFiles/CMakeTmp »
Building C object CMakeFiles/cmTC_1212f.dir/testCCompiler.c.o
/usr/bin/cc     -o CMakeFiles/cmTC_1212f.dir/testCCompiler.c.o   -c /home/yanis/Bureau/IHM_Lecteur/IHM_Lecteur/taglib/CMakeFiles/CMakeTmp/testCCompiler.c
Linking C executable cmTC_1212f
/usr/bin/cmake -E cmake_link_script CMakeFiles/cmTC_1212f.dir/link.txt --verbose=1
/usr/bin/cc       CMakeFiles/cmTC_1212f.dir/testCCompiler.c.o  -o cmTC_1212f -rdynamic 
gmake[1] : on quitte le répertoire « /home/yanis/Bureau/IHM_Lecteur/IHM_Lecteur/taglib/CMakeFiles/CMakeTmp »


Detecting C compiler ABI info compiled with the following output:
Change Dir: /home/yanis/Bureau/IHM_Lecteur/IHM_Lecteur/taglib/CMakeFiles/CMakeTmp

Run Build Command:"/usr/bin/gmake" "cmTC_36e5c/fast"
/usr/bin/gmake -f CMakeFiles/cmTC_36e5c.dir/build.make CMakeFiles/cmTC_36e5c.dir/build
gmake[1] : on entre dans le répertoire « /home/yanis/Bureau/IHM_Lecteur/IHM_Lecteur/taglib/CMakeFiles/CMakeTmp »
Building C object CMakeFiles/cmTC_36e5c.dir/CMakeCCompilerABI.c.o
/usr/bin/cc     -o CMakeFiles/cmTC_36e5c.dir/CMakeCCompilerABI.c.o   -c /usr/share/cmake/Modules/CMakeCCompilerABI.c
Linking C executable cmTC_36e5c
/usr/bin/cmake -E cmake_link_script CMakeFiles/cmTC_36e5c.dir/link.txt --verbose=1
/usr/bin/cc      -v CMakeFiles/cmTC_36e5c.dir/CMakeCCompilerABI.c.o  -o cmTC_36e5c -rdynamic  
Utilisation des specs internes.
COLLECT_GCC=/usr/bin/cc
COLLECT_LTO_WRAPPER=/usr/libexec/gcc/x86_64-redhat-linux/6.3.1/lto-wrapper
Cible : x86_64-redhat-linux
Configuré avec: ../configure --enable-bootstrap --enable-languages=c,c++,objc,obj-c++,fortran,ada,go,lto --prefix=/usr --mandir=/usr/share/man --infodir=/usr/share/info --with-bugurl=http://bugzilla.redhat.com/bugzilla --enable-shared --enable-threads=posix --enable-checking=release --enable-multilib --with-system-zlib --enable-__cxa_atexit --disable-libunwind-exceptions --enable-gnu-unique-object --enable-linker-build-id --with-linker-hash-style=gnu --enable-plugin --enable-initfini-array --disable-libgcj --with-isl --enable-libmpx --enable-gnu-indirect-function --with-tune=generic --with-arch_32=i686 --build=x86_64-redhat-linux
Modèle de thread: posix
gcc version 6.3.1 20161221 (Red Hat 6.3.1-1) (GCC) 
COMPILER_PATH=/usr/libexec/gcc/x86_64-redhat-linux/6.3.1/:/usr/libexec/gcc/x86_64-redhat-linux/6.3.1/:/usr/libexec/gcc/x86_64-redhat-linux/:/usr/lib/gcc/x86_64-redhat-linux/6.3.1/:/usr/lib/gcc/x86_64-redhat-linux/
LIBRARY_PATH=/usr/lib/gcc/x86_64-redhat-linux/6.3.1/:/usr/lib/gcc/x86_64-redhat-linux/6.3.1/../../../../lib64/:/lib/../lib64/:/usr/lib/../lib64/:/usr/lib/gcc/x86_64-redhat-linux/6.3.1/../../../:/lib/:/usr/lib/
COLLECT_GCC_OPTIONS='-v' '-o' 'cmTC_36e5c' '-rdynamic' '-mtune=generic' '-march=x86-64'
 /usr/libexec/gcc/x86_64-redhat-linux/6.3.1/collect2 -plugin /usr/libexec/gcc/x86_64-redhat-linux/6.3.1/liblto_plugin.so -plugin-opt=/usr/libexec/gcc/x86_64-redhat-linux/6.3.1/lto-wrapper -plugin-opt=-fresolution=/tmp/ccMktuV5.res -plugin-opt=-pass-through=-lgcc -plugin-opt=-pass-through=-lgcc_s -plugin-opt=-pass-through=-lc -plugin-opt=-pass-through=-lgcc -plugin-opt=-pass-through=-lgcc_s --build-id --no-add-needed --eh-frame-hdr --hash-style=gnu -m elf_x86_64 -export-dynamic -dynamic-linker /lib64/ld-linux-x86-64.so.2 -o cmTC_36e5c /usr/lib/gcc/x86_64-redhat-linux/6.3.1/../../../../lib64/crt1.o /usr/lib/gcc/x86_64-redhat-linux/6.3.1/../../../../lib64/crti.o /usr/lib/gcc/x86_64-redhat-linux/6.3.1/crtbegin.o -L/usr/lib/gcc/x86_64-redhat-linux/6.3.1 -L/usr/lib/gcc/x86_64-redhat-linux/6.3.1/../../../../lib64 -L/lib/../lib64 -L/usr/lib/../lib64 -L/usr/lib/gcc/x86_64-redhat-linux/6.3.1/../../.. CMakeFiles/cmTC_36e5c.dir/CMakeCCompilerABI.c.o -lgcc --as-needed -lgcc_s --no-as-needed -lc -lgcc --as-needed -lgcc_s --no-as-needed /usr/lib/gcc/x86_64-redhat-linux/6.3.1/crtend.o /usr/lib/gcc/x86_64-redhat-linux/6.3.1/../../../../lib64/crtn.o
COLLECT_GCC_OPTIONS='-v' '-o' 'cmTC_36e5c' '-rdynamic' '-mtune=generic' '-march=x86-64'
gmake[1] : on quitte le répertoire « /home/yanis/Bureau/IHM_Lecteur/IHM_Lecteur/taglib/CMakeFiles/CMakeTmp »


Parsed C implicit link information from above output:
  link line regex: [^( *|.*[/\])(ld|([^/\]+-)?ld|collect2)[^/\]*( |$)]
  ignore line: [Change Dir: /home/yanis/Bureau/IHM_Lecteur/IHM_Lecteur/taglib/CMakeFiles/CMakeTmp]
  ignore line: []
  ignore line: [Run Build Command:"/usr/bin/gmake" "cmTC_36e5c/fast"]
  ignore line: [/usr/bin/gmake -f CMakeFiles/cmTC_36e5c.dir/build.make CMakeFiles/cmTC_36e5c.dir/build]
  ignore line: [gmake[1] : on entre dans le répertoire « /home/yanis/Bureau/IHM_Lecteur/IHM_Lecteur/taglib/CMakeFiles/CMakeTmp »]
  ignore line: [Building C object CMakeFiles/cmTC_36e5c.dir/CMakeCCompilerABI.c.o]
  ignore line: [/usr/bin/cc     -o CMakeFiles/cmTC_36e5c.dir/CMakeCCompilerABI.c.o   -c /usr/share/cmake/Modules/CMakeCCompilerABI.c]
  ignore line: [Linking C executable cmTC_36e5c]
  ignore line: [/usr/bin/cmake -E cmake_link_script CMakeFiles/cmTC_36e5c.dir/link.txt --verbose=1]
  ignore line: [/usr/bin/cc      -v CMakeFiles/cmTC_36e5c.dir/CMakeCCompilerABI.c.o  -o cmTC_36e5c -rdynamic  ]
  ignore line: [Utilisation des specs internes.]
  ignore line: [COLLECT_GCC=/usr/bin/cc]
  ignore line: [COLLECT_LTO_WRAPPER=/usr/libexec/gcc/x86_64-redhat-linux/6.3.1/lto-wrapper]
  ignore line: [Cible : x86_64-redhat-linux]
  ignore line: [Configuré avec: ../configure --enable-bootstrap --enable-languages=c,c++,objc,obj-c++,fortran,ada,go,lto --prefix=/usr --mandir=/usr/share/man --infodir=/usr/share/info --with-bugurl=http://bugzilla.redhat.com/bugzilla --enable-shared --enable-threads=posix --enable-checking=release --enable-multilib --with-system-zlib --enable-__cxa_atexit --disable-libunwind-exceptions --enable-gnu-unique-object --enable-linker-build-id --with-linker-hash-style=gnu --enable-plugin --enable-initfini-array --disable-libgcj --with-isl --enable-libmpx --enable-gnu-indirect-function --with-tune=generic --with-arch_32=i686 --build=x86_64-redhat-linux]
  ignore line: [Modèle de thread: posix]
  ignore line: [gcc version 6.3.1 20161221 (Red Hat 6.3.1-1) (GCC) ]
  ignore line: [COMPILER_PATH=/usr/libexec/gcc/x86_64-redhat-linux/6.3.1/:/usr/libexec/gcc/x86_64-redhat-linux/6.3.1/:/usr/libexec/gcc/x86_64-redhat-linux/:/usr/lib/gcc/x86_64-redhat-linux/6.3.1/:/usr/lib/gcc/x86_64-redhat-linux/]
  ignore line: [LIBRARY_PATH=/usr/lib/gcc/x86_64-redhat-linux/6.3.1/:/usr/lib/gcc/x86_64-redhat-linux/6.3.1/../../../../lib64/:/lib/../lib64/:/usr/lib/../lib64/:/usr/lib/gcc/x86_64-redhat-linux/6.3.1/../../../:/lib/:/usr/lib/]
  ignore line: [COLLECT_GCC_OPTIONS='-v' '-o' 'cmTC_36e5c' '-rdynamic' '-mtune=generic' '-march=x86-64']
  link line: [ /usr/libexec/gcc/x86_64-redhat-linux/6.3.1/collect2 -plugin /usr/libexec/gcc/x86_64-redhat-linux/6.3.1/liblto_plugin.so -plugin-opt=/usr/libexec/gcc/x86_64-redhat-linux/6.3.1/lto-wrapper -plugin-opt=-fresolution=/tmp/ccMktuV5.res -plugin-opt=-pass-through=-lgcc -plugin-opt=-pass-through=-lgcc_s -plugin-opt=-pass-through=-lc -plugin-opt=-pass-through=-lgcc -plugin-opt=-pass-through=-lgcc_s --build-id --no-add-needed --eh-frame-hdr --hash-style=gnu -m elf_x86_64 -export-dynamic -dynamic-linker /lib64/ld-linux-x86-64.so.2 -o cmTC_36e5c /usr/lib/gcc/x86_64-redhat-linux/6.3.1/../../../../lib64/crt1.o /usr/lib/gcc/x86_64-redhat-linux/6.3.1/../../../../lib64/crti.o /usr/lib/gcc/x86_64-redhat-linux/6.3.1/crtbegin.o -L/usr/lib/gcc/x86_64-redhat-linux/6.3.1 -L/usr/lib/gcc/x86_64-redhat-linux/6.3.1/../../../../lib64 -L/lib/../lib64 -L/usr/lib/../lib64 -L/usr/lib/gcc/x86_64-redhat-linux/6.3.1/../../.. CMakeFiles/cmTC_36e5c.dir/CMakeCCompilerABI.c.o -lgcc --as-needed -lgcc_s --no-as-needed -lc -lgcc --as-needed -lgcc_s --no-as-needed /usr/lib/gcc/x86_64-redhat-linux/6.3.1/crtend.o /usr/lib/gcc/x86_64-redhat-linux/6.3.1/../../../../lib64/crtn.o]
    arg [/usr/libexec/gcc/x86_64-redhat-linux/6.3.1/collect2] ==> ignore
    arg [-plugin] ==> ignore
    arg [/usr/libexec/gcc/x86_64-redhat-linux/6.3.1/liblto_plugin.so] ==> ignore
    arg [-plugin-opt=/usr/libexec/gcc/x86_64-redhat-linux/6.3.1/lto-wrapper] ==> ignore
    arg [-plugin-opt=-fresolution=/tmp/ccMktuV5.res] ==> ignore
    arg [-plugin-opt=-pass-through=-lgcc] ==> ignore
    arg [-plugin-opt=-pass-through=-lgcc_s] ==> ignore
    arg [-plugin-opt=-pass-through=-lc] ==> ignore
    arg [-plugin-opt=-pass-through=-lgcc] ==> ignore
    arg [-plugin-opt=-pass-through=-lgcc_s] ==> ignore
    arg [--build-id] ==> ignore
    arg [--no-add-needed] ==> ignore
    arg [--eh-frame-hdr] ==> ignore
    arg [--hash-style=gnu] ==> ignore
    arg [-m] ==> ignore
    arg [elf_x86_64] ==> ignore
    arg [-export-dynamic] ==> ignore
    arg [-dynamic-linker] ==> ignore
    arg [/lib64/ld-linux-x86-64.so.2] ==> ignore
    arg [-o] ==> ignore
    arg [cmTC_36e5c] ==> ignore
    arg [/usr/lib/gcc/x86_64-redhat-linux/6.3.1/../../../../lib64/crt1.o] ==> ignore
    arg [/usr/lib/gcc/x86_64-redhat-linux/6.3.1/../../../../lib64/crti.o] ==> ignore
    arg [/usr/lib/gcc/x86_64-redhat-linux/6.3.1/crtbegin.o] ==> ignore
    arg [-L/usr/lib/gcc/x86_64-redhat-linux/6.3.1] ==> dir [/usr/lib/gcc/x86_64-redhat-linux/6.3.1]
    arg [-L/usr/lib/gcc/x86_64-redhat-linux/6.3.1/../../../../lib64] ==> dir [/usr/lib/gcc/x86_64-redhat-linux/6.3.1/../../../../lib64]
    arg [-L/lib/../lib64] ==> dir [/lib/../lib64]
    arg [-L/usr/lib/../lib64] ==> dir [/usr/lib/../lib64]
    arg [-L/usr/lib/gcc/x86_64-redhat-linux/6.3.1/../../..] ==> dir [/usr/lib/gcc/x86_64-redhat-linux/6.3.1/../../..]
    arg [CMakeFiles/cmTC_36e5c.dir/CMakeCCompilerABI.c.o] ==> ignore
    arg [-lgcc] ==> lib [gcc]
    arg [--as-needed] ==> ignore
    arg [-lgcc_s] ==> lib [gcc_s]
    arg [--no-as-needed] ==> ignore
    arg [-lc] ==> lib [c]
    arg [-lgcc] ==> lib [gcc]
    arg [--as-needed] ==> ignore
    arg [-lgcc_s] ==> lib [gcc_s]
    arg [--no-as-needed] ==> ignore
    arg [/usr/lib/gcc/x86_64-redhat-linux/6.3.1/crtend.o] ==> ignore
    arg [/usr/lib/gcc/x86_64-redhat-linux/6.3.1/../../../../lib64/crtn.o] ==> ignore
  remove lib [gcc]
  remove lib [gcc_s]
  remove lib [gcc]
  remove lib [gcc_s]
  collapse library dir [/usr/lib/gcc/x86_64-redhat-linux/6.3.1] ==> [/usr/lib/gcc/x86_64-redhat-linux/6.3.1]
  collapse library dir [/usr/lib/gcc/x86_64-redhat-linux/6.3.1/../../../../lib64] ==> [/usr/lib64]
  collapse library dir [/lib/../lib64] ==> [/lib64]
  collapse library dir [/usr/lib/../lib64] ==> [/usr/lib64]
  collapse library dir [/usr/lib/gcc/x86_64-redhat-linux/6.3.1/../../..] ==> [/usr/lib]
  implicit libs: [c]
  implicit dirs: [/usr/lib/gcc/x86_64-redhat-linux/6.3.1;/usr/lib64;/lib64;/usr/lib]
  implicit fwks: []




Detecting C [-std=c11] compiler features compiled with the following output:
Change Dir: /home/yanis/Bureau/IHM_Lecteur/IHM_Lecteur/taglib/CMakeFiles/CMakeTmp

Run Build Command:"/usr/bin/gmake" "cmTC_e21d4/fast"
/usr/bin/gmake -f CMakeFiles/cmTC_e21d4.dir/build.make CMakeFiles/cmTC_e21d4.dir/build
gmake[1] : on entre dans le répertoire « /home/yanis/Bureau/IHM_Lecteur/IHM_Lecteur/taglib/CMakeFiles/CMakeTmp »
Building C object CMakeFiles/cmTC_e21d4.dir/feature_tests.c.o
/usr/bin/cc    -std=c11 -o CMakeFiles/cmTC_e21d4.dir/feature_tests.c.o   -c /home/yanis/Bureau/IHM_Lecteur/IHM_Lecteur/taglib/CMakeFiles/feature_tests.c
Linking C executable cmTC_e21d4
/usr/bin/cmake -E cmake_link_script CMakeFiles/cmTC_e21d4.dir/link.txt --verbose=1
/usr/bin/cc       CMakeFiles/cmTC_e21d4.dir/feature_tests.c.o  -o cmTC_e21d4 -rdynamic 
gmake[1] : on quitte le répertoire « /home/yanis/Bureau/IHM_Lecteur/IHM_Lecteur/taglib/CMakeFiles/CMakeTmp »


    Feature record: C_FEATURE:1c_function_prototypes
    Feature record: C_FEATURE:1c_restrict
    Feature record: C_FEATURE:1c_static_assert
    Feature record: C_FEATURE:1c_variadic_macros


Detecting C [-std=c99] compiler features compiled with the following output:
Change Dir: /home/yanis/Bureau/IHM_Lecteur/IHM_Lecteur/taglib/CMakeFiles/CMakeTmp

Run Build Command:"/usr/bin/gmake" "cmTC_cc7a2/fast"
/usr/bin/gmake -f CMakeFiles/cmTC_cc7a2.dir/build.make CMakeFiles/cmTC_cc7a2.dir/build
gmake[1] : on entre dans le répertoire « /home/yanis/Bureau/IHM_Lecteur/IHM_Lecteur/taglib/CMakeFiles/CMakeTmp »
Building C object CMakeFiles/cmTC_cc7a2.dir/feature_tests.c.o
/usr/bin/cc    -std=c99 -o CMakeFiles/cmTC_cc7a2.dir/feature_tests.c.o   -c /home/yanis/Bureau/IHM_Lecteur/IHM_Lecteur/taglib/CMakeFiles/feature_tests.c
Linking C executable cmTC_cc7a2
/usr/bin/cmake -E cmake_link_script CMakeFiles/cmTC_cc7a2.dir/link.txt --verbose=1
/usr/bin/cc       CMakeFiles/cmTC_cc7a2.dir/feature_tests.c.o  -o cmTC_cc7a2 -rdynamic 
gmake[1] : on quitte le répertoire « /home/yanis/Bureau/IHM_Lecteur/IHM_Lecteur/taglib/CMakeFiles/CMakeTmp »


    Feature record: C_FEATURE:1c_function_prototypes
    Feature record: C_FEATURE:1c_restrict
    Feature record: C_FEATURE:0c_static_assert
    Feature record: C_FEATURE:1c_variadic_macros


Detecting C [-std=c90] compiler features compiled with the following output:
Change Dir: /home/yanis/Bureau/IHM_Lecteur/IHM_Lecteur/taglib/CMakeFiles/CMakeTmp

Run Build Command:"/usr/bin/gmake" "cmTC_82873/fast"
/usr/bin/gmake -f CMakeFiles/cmTC_82873.dir/build.make CMakeFiles/cmTC_82873.dir/build
gmake[1] : on entre dans le répertoire « /home/yanis/Bureau/IHM_Lecteur/IHM_Lecteur/taglib/CMakeFiles/CMakeTmp »
Building C object CMakeFiles/cmTC_82873.dir/feature_tests.c.o
/usr/bin/cc    -std=c90 -o CMakeFiles/cmTC_82873.dir/feature_tests.c.o   -c /home/yanis/Bureau/IHM_Lecteur/IHM_Lecteur/taglib/CMakeFiles/feature_tests.c
Linking C executable cmTC_82873
/usr/bin/cmake -E cmake_link_script CMakeFiles/cmTC_82873.dir/link.txt --verbose=1
/usr/bin/cc       CMakeFiles/cmTC_82873.dir/feature_tests.c.o  -o cmTC_82873 -rdynamic 
gmake[1] : on quitte le répertoire « /home/yanis/Bureau/IHM_Lecteur/IHM_Lecteur/taglib/CMakeFiles/CMakeTmp »


    Feature record: C_FEATURE:1c_function_prototypes
    Feature record: C_FEATURE:0c_restrict
    Feature record: C_FEATURE:0c_static_assert
    Feature record: C_FEATURE:0c_variadic_macros
Determining if the CXX compiler works passed with the following output:
Change Dir: /home/yanis/Bureau/IHM_Lecteur/IHM_Lecteur/taglib/CMakeFiles/CMakeTmp

Run Build Command:"/usr/bin/gmake" "cmTC_a4b39/fast"
/usr/bin/gmake -f CMakeFiles/cmTC_a4b39.dir/build.make CMakeFiles/cmTC_a4b39.dir/build
gmake[1] : on entre dans le répertoire « /home/yanis/Bureau/IHM_Lecteur/IHM_Lecteur/taglib/CMakeFiles/CMakeTmp »
Building CXX object CMakeFiles/cmTC_a4b39.dir/testCXXCompiler.cxx.o
/usr/bin/c++      -o CMakeFiles/cmTC_a4b39.dir/testCXXCompiler.cxx.o -c /home/yanis/Bureau/IHM_Lecteur/IHM_Lecteur/taglib/CMakeFiles/CMakeTmp/testCXXCompiler.cxx
Linking CXX executable cmTC_a4b39
/usr/bin/cmake -E cmake_link_script CMakeFiles/cmTC_a4b39.dir/link.txt --verbose=1
/usr/bin/c++        CMakeFiles/cmTC_a4b39.dir/testCXXCompiler.cxx.o  -o cmTC_a4b39 -rdynamic 
gmake[1] : on quitte le répertoire « /home/yanis/Bureau/IHM_Lecteur/IHM_Lecteur/taglib/CMakeFiles/CMakeTmp »


Detecting CXX compiler ABI info compiled with the following output:
Change Dir: /home/yanis/Bureau/IHM_Lecteur/IHM_Lecteur/taglib/CMakeFiles/CMakeTmp

Run Build Command:"/usr/bin/gmake" "cmTC_6c6f8/fast"
/usr/bin/gmake -f CMakeFiles/cmTC_6c6f8.dir/build.make CMakeFiles/cmTC_6c6f8.dir/build
gmake[1] : on entre dans le répertoire « /home/yanis/Bureau/IHM_Lecteur/IHM_Lecteur/taglib/CMakeFiles/CMakeTmp »
Building CXX object CMakeFiles/cmTC_6c6f8.dir/CMakeCXXCompilerABI.cpp.o
/usr/bin/c++      -o CMakeFiles/cmTC_6c6f8.dir/CMakeCXXCompilerABI.cpp.o -c /usr/share/cmake/Modules/CMakeCXXCompilerABI.cpp
Linking CXX executable cmTC_6c6f8
/usr/bin/cmake -E cmake_link_script CMakeFiles/cmTC_6c6f8.dir/link.txt --verbose=1
/usr/bin/c++       -v CMakeFiles/cmTC_6c6f8.dir/CMakeCXXCompilerABI.cpp.o  -o cmTC_6c6f8 -rdynamic  
Utilisation des specs internes.
COLLECT_GCC=/usr/bin/c++
COLLECT_LTO_WRAPPER=/usr/libexec/gcc/x86_64-redhat-linux/6.3.1/lto-wrapper
Cible : x86_64-redhat-linux
Configuré avec: ../configure --enable-bootstrap --enable-languages=c,c++,objc,obj-c++,fortran,ada,go,lto --prefix=/usr --mandir=/usr/share/man --infodir=/usr/share/info --with-bugurl=http://bugzilla.redhat.com/bugzilla --enable-shared --enable-threads=posix --enable-checking=release --enable-multilib --with-system-zlib --enable-__cxa_atexit --disable-libunwind-exceptions --enable-gnu-unique-object --enable-linker-build-id --with-linker-hash-style=gnu --enable-plugin --enable-initfini-array --disable-libgcj --with-isl --enable-libmpx --enable-gnu-indirect-function --with-tune=generic --with-arch_32=i686 --build=x86_64-redhat-linux
Modèle de thread: posix
gcc version 6.3.1 20161221 (Red Hat 6.3.1-1) (GCC) 
COMPILER_PATH=/usr/libexec/gcc/x86_64-redhat-linux/6.3.1/:/usr/libexec/gcc/x86_64-redhat-linux/6.3.1/:/usr/libexec/gcc/x86_64-redhat-linux/:/usr/lib/gcc/x86_64-redhat-linux/6.3.1/:/usr/lib/gcc/x86_64-redhat-linux/
LIBRARY_PATH=/usr/lib/gcc/x86_64-redhat-linux/6.3.1/:/usr/lib/gcc/x86_64-redhat-linux/6.3.1/../../../../lib64/:/lib/../lib64/:/usr/lib/../lib64/:/usr/lib/gcc/x86_64-redhat-linux/6.3.1/../../../:/lib/:/usr/lib/
COLLECT_GCC_OPTIONS='-v' '-o' 'cmTC_6c6f8' '-rdynamic' '-shared-libgcc' '-mtune=generic' '-march=x86-64'
 /usr/libexec/gcc/x86_64-redhat-linux/6.3.1/collect2 -plugin /usr/libexec/gcc/x86_64-redhat-linux/6.3.1/liblto_plugin.so -plugin-opt=/usr/libexec/gcc/x86_64-redhat-linux/6.3.1/lto-wrapper -plugin-opt=-fresolution=/tmp/ccDcC283.res -plugin-opt=-pass-through=-lgcc_s -plugin-opt=-pass-through=-lgcc -plugin-opt=-pass-through=-lc -plugin-opt=-pass-through=-lgcc_s -plugin-opt=-pass-through=-lgcc --build-id --no-add-needed --eh-frame-hdr --hash-style=gnu -m elf_x86_64 -export-dynamic -dynamic-linker /lib64/ld-linux-x86-64.so.2 -o cmTC_6c6f8 /usr/lib/gcc/x86_64-redhat-linux/6.3.1/../../../../lib64/crt1.o /usr/lib/gcc/x86_64-redhat-linux/6.3.1/../../../../lib64/crti.o /usr/lib/gcc/x86_64-redhat-linux/6.3.1/crtbegin.o -L/usr/lib/gcc/x86_64-redhat-linux/6.3.1 -L/usr/lib/gcc/x86_64-redhat-linux/6.3.1/../../../../lib64 -L/lib/../lib64 -L/usr/lib/../lib64 -L/usr/lib/gcc/x86_64-redhat-linux/6.3.1/../../.. CMakeFiles/cmTC_6c6f8.dir/CMakeCXXCompilerABI.cpp.o -lstdc++ -lm -lgcc_s -lgcc -lc -lgcc_s -lgcc /usr/lib/gcc/x86_64-redhat-linux/6.3.1/crtend.o /usr/lib/gcc/x86_64-redhat-linux/6.3.1/../../../../lib64/crtn.o
COLLECT_GCC_OPTIONS='-v' '-o' 'cmTC_6c6f8' '-rdynamic' '-shared-libgcc' '-mtune=generic' '-march=x86-64'
gmake[1] : on quitte le répertoire « /home/yanis/Bureau/IHM_Lecteur/IHM_Lecteur/taglib/CMakeFiles/CMakeTmp »


Parsed CXX implicit link information from above output:
  link line regex: [^( *|.*[/\])(ld|([^/\]+-)?ld|collect2)[^/\]*( |$)]
  ignore line: [Change Dir: /home/yanis/Bureau/IHM_Lecteur/IHM_Lecteur/taglib/CMakeFiles/CMakeTmp]
  ignore line: []
  ignore line: [Run Build Command:"/usr/bin/gmake" "cmTC_6c6f8/fast"]
  ignore line: [/usr/bin/gmake -f CMakeFiles/cmTC_6c6f8.dir/build.make CMakeFiles/cmTC_6c6f8.dir/build]
  ignore line: [gmake[1] : on entre dans le répertoire « /home/yanis/Bureau/IHM_Lecteur/IHM_Lecteur/taglib/CMakeFiles/CMakeTmp »]
  ignore line: [Building CXX object CMakeFiles/cmTC_6c6f8.dir/CMakeCXXCompilerABI.cpp.o]
  ignore line: [/usr/bin/c++      -o CMakeFiles/cmTC_6c6f8.dir/CMakeCXXCompilerABI.cpp.o -c /usr/share/cmake/Modules/CMakeCXXCompilerABI.cpp]
  ignore line: [Linking CXX executable cmTC_6c6f8]
  ignore line: [/usr/bin/cmake -E cmake_link_script CMakeFiles/cmTC_6c6f8.dir/link.txt --verbose=1]
  ignore line: [/usr/bin/c++       -v CMakeFiles/cmTC_6c6f8.dir/CMakeCXXCompilerABI.cpp.o  -o cmTC_6c6f8 -rdynamic  ]
  ignore line: [Utilisation des specs internes.]
  ignore line: [COLLECT_GCC=/usr/bin/c++]
  ignore line: [COLLECT_LTO_WRAPPER=/usr/libexec/gcc/x86_64-redhat-linux/6.3.1/lto-wrapper]
  ignore line: [Cible : x86_64-redhat-linux]
  ignore line: [Configuré avec: ../configure --enable-bootstrap --enable-languages=c,c++,objc,obj-c++,fortran,ada,go,lto --prefix=/usr --mandir=/usr/share/man --infodir=/usr/share/info --with-bugurl=http://bugzilla.redhat.com/bugzilla --enable-shared --enable-threads=posix --enable-checking=release --enable-multilib --with-system-zlib --enable-__cxa_atexit --disable-libunwind-exceptions --enable-gnu-unique-object --enable-linker-build-id --with-linker-hash-style=gnu --enable-plugin --enable-initfini-array --disable-libgcj --with-isl --enable-libmpx --enable-gnu-indirect-function --with-tune=generic --with-arch_32=i686 --build=x86_64-redhat-linux]
  ignore line: [Modèle de thread: posix]
  ignore line: [gcc version 6.3.1 20161221 (Red Hat 6.3.1-1) (GCC) ]
  ignore line: [COMPILER_PATH=/usr/libexec/gcc/x86_64-redhat-linux/6.3.1/:/usr/libexec/gcc/x86_64-redhat-linux/6.3.1/:/usr/libexec/gcc/x86_64-redhat-linux/:/usr/lib/gcc/x86_64-redhat-linux/6.3.1/:/usr/lib/gcc/x86_64-redhat-linux/]
  ignore line: [LIBRARY_PATH=/usr/lib/gcc/x86_64-redhat-linux/6.3.1/:/usr/lib/gcc/x86_64-redhat-linux/6.3.1/../../../../lib64/:/lib/../lib64/:/usr/lib/../lib64/:/usr/lib/gcc/x86_64-redhat-linux/6.3.1/../../../:/lib/:/usr/lib/]
  ignore line: [COLLECT_GCC_OPTIONS='-v' '-o' 'cmTC_6c6f8' '-rdynamic' '-shared-libgcc' '-mtune=generic' '-march=x86-64']
  link line: [ /usr/libexec/gcc/x86_64-redhat-linux/6.3.1/collect2 -plugin /usr/libexec/gcc/x86_64-redhat-linux/6.3.1/liblto_plugin.so -plugin-opt=/usr/libexec/gcc/x86_64-redhat-linux/6.3.1/lto-wrapper -plugin-opt=-fresolution=/tmp/ccDcC283.res -plugin-opt=-pass-through=-lgcc_s -plugin-opt=-pass-through=-lgcc -plugin-opt=-pass-through=-lc -plugin-opt=-pass-through=-lgcc_s -plugin-opt=-pass-through=-lgcc --build-id --no-add-needed --eh-frame-hdr --hash-style=gnu -m elf_x86_64 -export-dynamic -dynamic-linker /lib64/ld-linux-x86-64.so.2 -o cmTC_6c6f8 /usr/lib/gcc/x86_64-redhat-linux/6.3.1/../../../../lib64/crt1.o /usr/lib/gcc/x86_64-redhat-linux/6.3.1/../../../../lib64/crti.o /usr/lib/gcc/x86_64-redhat-linux/6.3.1/crtbegin.o -L/usr/lib/gcc/x86_64-redhat-linux/6.3.1 -L/usr/lib/gcc/x86_64-redhat-linux/6.3.1/../../../../lib64 -L/lib/../lib64 -L/usr/lib/../lib64 -L/usr/lib/gcc/x86_64-redhat-linux/6.3.1/../../.. CMakeFiles/cmTC_6c6f8.dir/CMakeCXXCompilerABI.cpp.o -lstdc++ -lm -lgcc_s -lgcc -lc -lgcc_s -lgcc /usr/lib/gcc/x86_64-redhat-linux/6.3.1/crtend.o /usr/lib/gcc/x86_64-redhat-linux/6.3.1/../../../../lib64/crtn.o]
    arg [/usr/libexec/gcc/x86_64-redhat-linux/6.3.1/collect2] ==> ignore
    arg [-plugin] ==> ignore
    arg [/usr/libexec/gcc/x86_64-redhat-linux/6.3.1/liblto_plugin.so] ==> ignore
    arg [-plugin-opt=/usr/libexec/gcc/x86_64-redhat-linux/6.3.1/lto-wrapper] ==> ignore
    arg [-plugin-opt=-fresolution=/tmp/ccDcC283.res] ==> ignore
    arg [-plugin-opt=-pass-through=-lgcc_s] ==> ignore
    arg [-plugin-opt=-pass-through=-lgcc] ==> ignore
    arg [-plugin-opt=-pass-through=-lc] ==> ignore
    arg [-plugin-opt=-pass-through=-lgcc_s] ==> ignore
    arg [-plugin-opt=-pass-through=-lgcc] ==> ignore
    arg [--build-id] ==> ignore
    arg [--no-add-needed] ==> ignore
    arg [--eh-frame-hdr] ==> ignore
    arg [--hash-style=gnu] ==> ignore
    arg [-m] ==> ignore
    arg [elf_x86_64] ==> ignore
    arg [-export-dynamic] ==> ignore
    arg [-dynamic-linker] ==> ignore
    arg [/lib64/ld-linux-x86-64.so.2] ==> ignore
    arg [-o] ==> ignore
    arg [cmTC_6c6f8] ==> ignore
    arg [/usr/lib/gcc/x86_64-redhat-linux/6.3.1/../../../../lib64/crt1.o] ==> ignore
    arg [/usr/lib/gcc/x86_64-redhat-linux/6.3.1/../../../../lib64/crti.o] ==> ignore
    arg [/usr/lib/gcc/x86_64-redhat-linux/6.3.1/crtbegin.o] ==> ignore
    arg [-L/usr/lib/gcc/x86_64-redhat-linux/6.3.1] ==> dir [/usr/lib/gcc/x86_64-redhat-linux/6.3.1]
    arg [-L/usr/lib/gcc/x86_64-redhat-linux/6.3.1/../../../../lib64] ==> dir [/usr/lib/gcc/x86_64-redhat-linux/6.3.1/../../../../lib64]
    arg [-L/lib/../lib64] ==> dir [/lib/../lib64]
    arg [-L/usr/lib/../lib64] ==> dir [/usr/lib/../lib64]
    arg [-L/usr/lib/gcc/x86_64-redhat-linux/6.3.1/../../..] ==> dir [/usr/lib/gcc/x86_64-redhat-linux/6.3.1/../../..]
    arg [CMakeFiles/cmTC_6c6f8.dir/CMakeCXXCompilerABI.cpp.o] ==> ignore
    arg [-lstdc++] ==> lib [stdc++]
    arg [-lm] ==> lib [m]
    arg [-lgcc_s] ==> lib [gcc_s]
    arg [-lgcc] ==> lib [gcc]
    arg [-lc] ==> lib [c]
    arg [-lgcc_s] ==> lib [gcc_s]
    arg [-lgcc] ==> lib [gcc]
    arg [/usr/lib/gcc/x86_64-redhat-linux/6.3.1/crtend.o] ==> ignore
    arg [/usr/lib/gcc/x86_64-redhat-linux/6.3.1/../../../../lib64/crtn.o] ==> ignore
  remove lib [gcc_s]
  remove lib [gcc]
  remove lib [gcc_s]
  remove lib [gcc]
  collapse library dir [/usr/lib/gcc/x86_64-redhat-linux/6.3.1] ==> [/usr/lib/gcc/x86_64-redhat-linux/6.3.1]
  collapse library dir [/usr/lib/gcc/x86_64-redhat-linux/6.3.1/../../../../lib64] ==> [/usr/lib64]
  collapse library dir [/lib/../lib64] ==> [/lib64]
  collapse library dir [/usr/lib/../lib64] ==> [/usr/lib64]
  collapse library dir [/usr/lib/gcc/x86_64-redhat-linux/6.3.1/../../..] ==> [/usr/lib]
  implicit libs: [stdc++;m;c]
  implicit dirs: [/usr/lib/gcc/x86_64-redhat-linux/6.3.1;/usr/lib64;/lib64;/usr/lib]
  implicit fwks: []




Detecting CXX [-std=c++14] compiler features compiled with the following output:
Change Dir: /home/yanis/Bureau/IHM_Lecteur/IHM_Lecteur/taglib/CMakeFiles/CMakeTmp

Run Build Command:"/usr/bin/gmake" "cmTC_9d462/fast"
/usr/bin/gmake -f CMakeFiles/cmTC_9d462.dir/build.make CMakeFiles/cmTC_9d462.dir/build
gmake[1] : on entre dans le répertoire « /home/yanis/Bureau/IHM_Lecteur/IHM_Lecteur/taglib/CMakeFiles/CMakeTmp »
Building CXX object CMakeFiles/cmTC_9d462.dir/feature_tests.cxx.o
/usr/bin/c++     -std=c++14 -o CMakeFiles/cmTC_9d462.dir/feature_tests.cxx.o -c /home/yanis/Bureau/IHM_Lecteur/IHM_Lecteur/taglib/CMakeFiles/feature_tests.cxx
Linking CXX executable cmTC_9d462
/usr/bin/cmake -E cmake_link_script CMakeFiles/cmTC_9d462.dir/link.txt --verbose=1
/usr/bin/c++        CMakeFiles/cmTC_9d462.dir/feature_tests.cxx.o  -o cmTC_9d462 -rdynamic 
gmake[1] : on quitte le répertoire « /home/yanis/Bureau/IHM_Lecteur/IHM_Lecteur/taglib/CMakeFiles/CMakeTmp »


    Feature record: CXX_FEATURE:1cxx_aggregate_default_initializers
    Feature record: CXX_FEATURE:1cxx_alias_templates
    Feature record: CXX_FEATURE:1cxx_alignas
    Feature record: CXX_FEATURE:1cxx_alignof
    Feature record: CXX_FEATURE:1cxx_attributes
    Feature record: CXX_FEATURE:1cxx_attribute_deprecated
    Feature record: CXX_FEATURE:1cxx_auto_type
    Feature record: CXX_FEATURE:1cxx_binary_literals
    Feature record: CXX_FEATURE:1cxx_constexpr
    Feature record: CXX_FEATURE:1cxx_contextual_conversions
    Feature record: CXX_FEATURE:1cxx_decltype
    Feature record: CXX_FEATURE:1cxx_decltype_auto
    Feature record: CXX_FEATURE:1cxx_decltype_incomplete_return_types
    Feature record: CXX_FEATURE:1cxx_default_function_template_args
    Feature record: CXX_FEATURE:1cxx_defaulted_functions
    Feature record: CXX_FEATURE:1cxx_defaulted_move_initializers
    Feature record: CXX_FEATURE:1cxx_delegating_constructors
    Feature record: CXX_FEATURE:1cxx_deleted_functions
    Feature record: CXX_FEATURE:1cxx_digit_separators
    Feature record: CXX_FEATURE:1cxx_enum_forward_declarations
    Feature record: CXX_FEATURE:1cxx_explicit_conversions
    Feature record: CXX_FEATURE:1cxx_extended_friend_declarations
    Feature record: CXX_FEATURE:1cxx_extern_templates
    Feature record: CXX_FEATURE:1cxx_final
    Feature record: CXX_FEATURE:1cxx_func_identifier
    Feature record: CXX_FEATURE:1cxx_generalized_initializers
    Feature record: CXX_FEATURE:1cxx_generic_lambdas
    Feature record: CXX_FEATURE:1cxx_inheriting_constructors
    Feature record: CXX_FEATURE:1cxx_inline_namespaces
    Feature record: CXX_FEATURE:1cxx_lambdas
    Feature record: CXX_FEATURE:1cxx_lambda_init_captures
    Feature record: CXX_FEATURE:1cxx_local_type_template_args
    Feature record: CXX_FEATURE:1cxx_long_long_type
    Feature record: CXX_FEATURE:1cxx_noexcept
    Feature record: CXX_FEATURE:1cxx_nonstatic_member_init
    Feature record: CXX_FEATURE:1cxx_nullptr
    Feature record: CXX_FEATURE:1cxx_override
    Feature record: CXX_FEATURE:1cxx_range_for
    Feature record: CXX_FEATURE:1cxx_raw_string_literals
    Feature record: CXX_FEATURE:1cxx_reference_qualified_functions
    Feature record: CXX_FEATURE:1cxx_relaxed_constexpr
    Feature record: CXX_FEATURE:1cxx_return_type_deduction
    Feature record: CXX_FEATURE:1cxx_right_angle_brackets
    Feature record: CXX_FEATURE:1cxx_rvalue_references
    Feature record: CXX_FEATURE:1cxx_sizeof_member
    Feature record: CXX_FEATURE:1cxx_static_assert
    Feature record: CXX_FEATURE:1cxx_strong_enums
    Feature record: CXX_FEATURE:1cxx_template_template_parameters
    Feature record: CXX_FEATURE:1cxx_thread_local
    Feature record: CXX_FEATURE:1cxx_trailing_return_types
    Feature record: CXX_FEATURE:1cxx_unicode_literals
    Feature record: CXX_FEATURE:1cxx_uniform_initialization
    Feature record: CXX_FEATURE:1cxx_unrestricted_unions
    Feature record: CXX_FEATURE:1cxx_user_literals
    Feature record: CXX_FEATURE:1cxx_variable_templates
    Feature record: CXX_FEATURE:1cxx_variadic_macros
    Feature record: CXX_FEATURE:1cxx_variadic_templates


Detecting CXX [-std=c++11] compiler features compiled with the following output:
Change Dir: /home/yanis/Bureau/IHM_Lecteur/IHM_Lecteur/taglib/CMakeFiles/CMakeTmp

Run Build Command:"/usr/bin/gmake" "cmTC_02180/fast"
/usr/bin/gmake -f CMakeFiles/cmTC_02180.dir/build.make CMakeFiles/cmTC_02180.dir/build
gmake[1] : on entre dans le répertoire « /home/yanis/Bureau/IHM_Lecteur/IHM_Lecteur/taglib/CMakeFiles/CMakeTmp »
Building CXX object CMakeFiles/cmTC_02180.dir/feature_tests.cxx.o
/usr/bin/c++     -std=c++11 -o CMakeFiles/cmTC_02180.dir/feature_tests.cxx.o -c /home/yanis/Bureau/IHM_Lecteur/IHM_Lecteur/taglib/CMakeFiles/feature_tests.cxx
Linking CXX executable cmTC_02180
/usr/bin/cmake -E cmake_link_script CMakeFiles/cmTC_02180.dir/link.txt --verbose=1
/usr/bin/c++        CMakeFiles/cmTC_02180.dir/feature_tests.cxx.o  -o cmTC_02180 -rdynamic 
gmake[1] : on quitte le répertoire « /home/yanis/Bureau/IHM_Lecteur/IHM_Lecteur/taglib/CMakeFiles/CMakeTmp »


    Feature record: CXX_FEATURE:0cxx_aggregate_default_initializers
    Feature record: CXX_FEATURE:1cxx_alias_templates
    Feature record: CXX_FEATURE:1cxx_alignas
    Feature record: CXX_FEATURE:1cxx_alignof
    Feature record: CXX_FEATURE:1cxx_attributes
    Feature record: CXX_FEATURE:0cxx_attribute_deprecated
    Feature record: CXX_FEATURE:1cxx_auto_type
    Feature record: CXX_FEATURE:0cxx_binary_literals
    Feature record: CXX_FEATURE:1cxx_constexpr
    Feature record: CXX_FEATURE:0cxx_contextual_conversions
    Feature record: CXX_FEATURE:1cxx_decltype
    Feature record: CXX_FEATURE:0cxx_decltype_auto
    Feature record: CXX_FEATURE:1cxx_decltype_incomplete_return_types
    Feature record: CXX_FEATURE:1cxx_default_function_template_args
    Feature record: CXX_FEATURE:1cxx_defaulted_functions
    Feature record: CXX_FEATURE:1cxx_defaulted_move_initializers
    Feature record: CXX_FEATURE:1cxx_delegating_constructors
    Feature record: CXX_FEATURE:1cxx_deleted_functions
    Feature record: CXX_FEATURE:0cxx_digit_separators
    Feature record: CXX_FEATURE:1cxx_enum_forward_declarations
    Feature record: CXX_FEATURE:1cxx_explicit_conversions
    Feature record: CXX_FEATURE:1cxx_extended_friend_declarations
    Feature record: CXX_FEATURE:1cxx_extern_templates
    Feature record: CXX_FEATURE:1cxx_final
    Feature record: CXX_FEATURE:1cxx_func_identifier
    Feature record: CXX_FEATURE:1cxx_generalized_initializers
    Feature record: CXX_FEATURE:0cxx_generic_lambdas
    Feature record: CXX_FEATURE:1cxx_inheriting_constructors
    Feature record: CXX_FEATURE:1cxx_inline_namespaces
    Feature record: CXX_FEATURE:1cxx_lambdas
    Feature record: CXX_FEATURE:0cxx_lambda_init_captures
    Feature record: CXX_FEATURE:1cxx_local_type_template_args
    Feature record: CXX_FEATURE:1cxx_long_long_type
    Feature record: CXX_FEATURE:1cxx_noexcept
    Feature record: CXX_FEATURE:1cxx_nonstatic_member_init
    Feature record: CXX_FEATURE:1cxx_nullptr
    Feature record: CXX_FEATURE:1cxx_override
    Feature record: CXX_FEATURE:1cxx_range_for
    Feature record: CXX_FEATURE:1cxx_raw_string_literals
    Feature record: CXX_FEATURE:1cxx_reference_qualified_functions
    Feature record: CXX_FEATURE:0cxx_relaxed_constexpr
    Feature record: CXX_FEATURE:0cxx_return_type_deduction
    Feature record: CXX_FEATURE:1cxx_right_angle_brackets
    Feature record: CXX_FEATURE:1cxx_rvalue_references
    Feature record: CXX_FEATURE:1cxx_sizeof_member
    Feature record: CXX_FEATURE:1cxx_static_assert
    Feature record: CXX_FEATURE:1cxx_strong_enums
    Feature record: CXX_FEATURE:1cxx_template_template_parameters
    Feature record: CXX_FEATURE:1cxx_thread_local
    Feature record: CXX_FEATURE:1cxx_trailing_return_types
    Feature record: CXX_FEATURE:1cxx_unicode_literals
    Feature record: CXX_FEATURE:1cxx_uniform_initialization
    Feature record: CXX_FEATURE:1cxx_unrestricted_unions
    Feature record: CXX_FEATURE:1cxx_user_literals
    Feature record: CXX_FEATURE:0cxx_variable_templates
    Feature record: CXX_FEATURE:1cxx_variadic_macros
    Feature record: CXX_FEATURE:1cxx_variadic_templates


Detecting CXX [-std=c++98] compiler features compiled with the following output:
Change Dir: /home/yanis/Bureau/IHM_Lecteur/IHM_Lecteur/taglib/CMakeFiles/CMakeTmp

Run Build Command:"/usr/bin/gmake" "cmTC_ce32c/fast"
/usr/bin/gmake -f CMakeFiles/cmTC_ce32c.dir/build.make CMakeFiles/cmTC_ce32c.dir/build
gmake[1] : on entre dans le répertoire « /home/yanis/Bureau/IHM_Lecteur/IHM_Lecteur/taglib/CMakeFiles/CMakeTmp »
Building CXX object CMakeFiles/cmTC_ce32c.dir/feature_tests.cxx.o
/usr/bin/c++     -std=c++98 -o CMakeFiles/cmTC_ce32c.dir/feature_tests.cxx.o -c /home/yanis/Bureau/IHM_Lecteur/IHM_Lecteur/taglib/CMakeFiles/feature_tests.cxx
Linking CXX executable cmTC_ce32c
/usr/bin/cmake -E cmake_link_script CMakeFiles/cmTC_ce32c.dir/link.txt --verbose=1
/usr/bin/c++        CMakeFiles/cmTC_ce32c.dir/feature_tests.cxx.o  -o cmTC_ce32c -rdynamic 
gmake[1] : on quitte le répertoire « /home/yanis/Bureau/IHM_Lecteur/IHM_Lecteur/taglib/CMakeFiles/CMakeTmp »


    Feature record: CXX_FEATURE:0cxx_aggregate_default_initializers
    Feature record: CXX_FEATURE:0cxx_alias_templates
    Feature record: CXX_FEATURE:0cxx_alignas
    Feature record: CXX_FEATURE:0cxx_alignof
    Feature record: CXX_FEATURE:0cxx_attributes
    Feature record: CXX_FEATURE:0cxx_attribute_deprecated
    Feature record: CXX_FEATURE:0cxx_auto_type
    Feature record: CXX_FEATURE:0cxx_binary_literals
    Feature record: CXX_FEATURE:0cxx_constexpr
    Feature record: CXX_FEATURE:0cxx_contextual_conversions
    Feature record: CXX_FEATURE:0cxx_decltype
    Feature record: CXX_FEATURE:0cxx_decltype_auto
    Feature record: CXX_FEATURE:0cxx_decltype_incomplete_return_types
    Feature record: CXX_FEATURE:0cxx_default_function_template_args
    Feature record: CXX_FEATURE:0cxx_defaulted_functions
    Feature record: CXX_FEATURE:0cxx_defaulted_move_initializers
    Feature record: CXX_FEATURE:0cxx_delegating_constructors
    Feature record: CXX_FEATURE:0cxx_deleted_functions
    Feature record: CXX_FEATURE:0cxx_digit_separators
    Feature record: CXX_FEATURE:0cxx_enum_forward_declarations
    Feature record: CXX_FEATURE:0cxx_explicit_conversions
    Feature record: CXX_FEATURE:0cxx_extended_friend_declarations
    Feature record: CXX_FEATURE:0cxx_extern_templates
    Feature record: CXX_FEATURE:0cxx_final
    Feature record: CXX_FEATURE:0cxx_func_identifier
    Feature record: CXX_FEATURE:0cxx_generalized_initializers
    Feature record: CXX_FEATURE:0cxx_generic_lambdas
    Feature record: CXX_FEATURE:0cxx_inheriting_constructors
    Feature record: CXX_FEATURE:0cxx_inline_namespaces
    Feature record: CXX_FEATURE:0cxx_lambdas
    Feature record: CXX_FEATURE:0cxx_lambda_init_captures
    Feature record: CXX_FEATURE:0cxx_local_type_template_args
    Feature record: CXX_FEATURE:0cxx_long_long_type
    Feature record: CXX_FEATURE:0cxx_noexcept
    Feature record: CXX_FEATURE:0cxx_nonstatic_member_init
    Feature record: CXX_FEATURE:0cxx_nullptr
    Feature record: CXX_FEATURE:0cxx_override
    Feature record: CXX_FEATURE:0cxx_range_for
    Feature record: CXX_FEATURE:0cxx_raw_string_literals
    Feature record: CXX_FEATURE:0cxx_reference_qualified_functions
    Feature record: CXX_FEATURE:0cxx_relaxed_constexpr
    Feature record: CXX_FEATURE:0cxx_return_type_deduction
    Feature record: CXX_FEATURE:0cxx_right_angle_brackets
    Feature record: CXX_FEATURE:0cxx_rvalue_references
    Feature record: CXX_FEATURE:0cxx_sizeof_member
    Feature record: CXX_FEATURE:0cxx_static_assert
    Feature record: CXX_FEATURE:0cxx_strong_enums
    Feature record: CXX_FEATURE:1cxx_template_template_parameters
    Feature record: CXX_FEATURE:0cxx_thread_local
    Feature record: CXX_FEATURE:0cxx_trailing_return_types
    Feature record: CXX_FEATURE:0cxx_unicode_literals
    Feature record: CXX_FEATURE:0cxx_uniform_initialization
    Feature record: CXX_FEATURE:0cxx_unrestricted_unions
    Feature record: CXX_FEATURE:0cxx_user_literals
    Feature record: CXX_FEATURE:0cxx_variable_templates
    Feature record: CXX_FEATURE:0cxx_variadic_macros
    Feature record: CXX_FEATURE:0cxx_variadic_templates
Determining if the include file sys/types.h exists passed with the following output:
Change Dir: /home/yanis/Bureau/IHM_Lecteur/IHM_Lecteur/taglib/CMakeFiles/CMakeTmp

Run Build Command:"/usr/bin/gmake" "cmTC_73ff4/fast"
/usr/bin/gmake -f CMakeFiles/cmTC_73ff4.dir/build.make CMakeFiles/cmTC_73ff4.dir/build
gmake[1] : on entre dans le répertoire « /home/yanis/Bureau/IHM_Lecteur/IHM_Lecteur/taglib/CMakeFiles/CMakeTmp »
Building C object CMakeFiles/cmTC_73ff4.dir/CheckIncludeFile.c.o
/usr/bin/cc    -Wall    -o CMakeFiles/cmTC_73ff4.dir/CheckIncludeFile.c.o   -c /home/yanis/Bureau/IHM_Lecteur/IHM_Lecteur/taglib/CMakeFiles/CMakeTmp/CheckIncludeFile.c
Linking C executable cmTC_73ff4
/usr/bin/cmake -E cmake_link_script CMakeFiles/cmTC_73ff4.dir/link.txt --verbose=1
/usr/bin/cc   -Wall     CMakeFiles/cmTC_73ff4.dir/CheckIncludeFile.c.o  -o cmTC_73ff4 -rdynamic 
gmake[1] : on quitte le répertoire « /home/yanis/Bureau/IHM_Lecteur/IHM_Lecteur/taglib/CMakeFiles/CMakeTmp »


Determining if the include file stdint.h exists passed with the following output:
Change Dir: /home/yanis/Bureau/IHM_Lecteur/IHM_Lecteur/taglib/CMakeFiles/CMakeTmp

Run Build Command:"/usr/bin/gmake" "cmTC_95e49/fast"
/usr/bin/gmake -f CMakeFiles/cmTC_95e49.dir/build.make CMakeFiles/cmTC_95e49.dir/build
gmake[1] : on entre dans le répertoire « /home/yanis/Bureau/IHM_Lecteur/IHM_Lecteur/taglib/CMakeFiles/CMakeTmp »
Building C object CMakeFiles/cmTC_95e49.dir/CheckIncludeFile.c.o
/usr/bin/cc    -Wall    -o CMakeFiles/cmTC_95e49.dir/CheckIncludeFile.c.o   -c /home/yanis/Bureau/IHM_Lecteur/IHM_Lecteur/taglib/CMakeFiles/CMakeTmp/CheckIncludeFile.c
Linking C executable cmTC_95e49
/usr/bin/cmake -E cmake_link_script CMakeFiles/cmTC_95e49.dir/link.txt --verbose=1
/usr/bin/cc   -Wall     CMakeFiles/cmTC_95e49.dir/CheckIncludeFile.c.o  -o cmTC_95e49 -rdynamic 
gmake[1] : on quitte le répertoire « /home/yanis/Bureau/IHM_Lecteur/IHM_Lecteur/taglib/CMakeFiles/CMakeTmp »


Determining if the include file stddef.h exists passed with the following output:
Change Dir: /home/yanis/Bureau/IHM_Lecteur/IHM_Lecteur/taglib/CMakeFiles/CMakeTmp

Run Build Command:"/usr/bin/gmake" "cmTC_f582a/fast"
/usr/bin/gmake -f CMakeFiles/cmTC_f582a.dir/build.make CMakeFiles/cmTC_f582a.dir/build
gmake[1] : on entre dans le répertoire « /home/yanis/Bureau/IHM_Lecteur/IHM_Lecteur/taglib/CMakeFiles/CMakeTmp »
Building C object CMakeFiles/cmTC_f582a.dir/CheckIncludeFile.c.o
/usr/bin/cc    -Wall    -o CMakeFiles/cmTC_f582a.dir/CheckIncludeFile.c.o   -c /home/yanis/Bureau/IHM_Lecteur/IHM_Lecteur/taglib/CMakeFiles/CMakeTmp/CheckIncludeFile.c
Linking C executable cmTC_f582a
/usr/bin/cmake -E cmake_link_script CMakeFiles/cmTC_f582a.dir/link.txt --verbose=1
/usr/bin/cc   -Wall     CMakeFiles/cmTC_f582a.dir/CheckIncludeFile.c.o  -o cmTC_f582a -rdynamic 
gmake[1] : on quitte le répertoire « /home/yanis/Bureau/IHM_Lecteur/IHM_Lecteur/taglib/CMakeFiles/CMakeTmp »


Determining size of short passed with the following output:
Change Dir: /home/yanis/Bureau/IHM_Lecteur/IHM_Lecteur/taglib/CMakeFiles/CMakeTmp

Run Build Command:"/usr/bin/gmake" "cmTC_e74f4/fast"
/usr/bin/gmake -f CMakeFiles/cmTC_e74f4.dir/build.make CMakeFiles/cmTC_e74f4.dir/build
gmake[1] : on entre dans le répertoire « /home/yanis/Bureau/IHM_Lecteur/IHM_Lecteur/taglib/CMakeFiles/CMakeTmp »
Building C object CMakeFiles/cmTC_e74f4.dir/SIZEOF_SHORT.c.o
/usr/bin/cc    -Wall    -o CMakeFiles/cmTC_e74f4.dir/SIZEOF_SHORT.c.o   -c /home/yanis/Bureau/IHM_Lecteur/IHM_Lecteur/taglib/CMakeFiles/CheckTypeSize/SIZEOF_SHORT.c
Linking C executable cmTC_e74f4
/usr/bin/cmake -E cmake_link_script CMakeFiles/cmTC_e74f4.dir/link.txt --verbose=1
/usr/bin/cc   -Wall     CMakeFiles/cmTC_e74f4.dir/SIZEOF_SHORT.c.o  -o cmTC_e74f4 -rdynamic 
gmake[1] : on quitte le répertoire « /home/yanis/Bureau/IHM_Lecteur/IHM_Lecteur/taglib/CMakeFiles/CMakeTmp »


Determining size of int passed with the following output:
Change Dir: /home/yanis/Bureau/IHM_Lecteur/IHM_Lecteur/taglib/CMakeFiles/CMakeTmp

Run Build Command:"/usr/bin/gmake" "cmTC_67a6c/fast"
/usr/bin/gmake -f CMakeFiles/cmTC_67a6c.dir/build.make CMakeFiles/cmTC_67a6c.dir/build
gmake[1] : on entre dans le répertoire « /home/yanis/Bureau/IHM_Lecteur/IHM_Lecteur/taglib/CMakeFiles/CMakeTmp »
Building C object CMakeFiles/cmTC_67a6c.dir/SIZEOF_INT.c.o
/usr/bin/cc    -Wall    -o CMakeFiles/cmTC_67a6c.dir/SIZEOF_INT.c.o   -c /home/yanis/Bureau/IHM_Lecteur/IHM_Lecteur/taglib/CMakeFiles/CheckTypeSize/SIZEOF_INT.c
Linking C executable cmTC_67a6c
/usr/bin/cmake -E cmake_link_script CMakeFiles/cmTC_67a6c.dir/link.txt --verbose=1
/usr/bin/cc   -Wall     CMakeFiles/cmTC_67a6c.dir/SIZEOF_INT.c.o  -o cmTC_67a6c -rdynamic 
gmake[1] : on quitte le répertoire « /home/yanis/Bureau/IHM_Lecteur/IHM_Lecteur/taglib/CMakeFiles/CMakeTmp »


Determining size of long long passed with the following output:
Change Dir: /home/yanis/Bureau/IHM_Lecteur/IHM_Lecteur/taglib/CMakeFiles/CMakeTmp

Run Build Command:"/usr/bin/gmake" "cmTC_7418b/fast"
/usr/bin/gmake -f CMakeFiles/cmTC_7418b.dir/build.make CMakeFiles/cmTC_7418b.dir/build
gmake[1] : on entre dans le répertoire « /home/yanis/Bureau/IHM_Lecteur/IHM_Lecteur/taglib/CMakeFiles/CMakeTmp »
Building C object CMakeFiles/cmTC_7418b.dir/SIZEOF_LONGLONG.c.o
/usr/bin/cc    -Wall    -o CMakeFiles/cmTC_7418b.dir/SIZEOF_LONGLONG.c.o   -c /home/yanis/Bureau/IHM_Lecteur/IHM_Lecteur/taglib/CMakeFiles/CheckTypeSize/SIZEOF_LONGLONG.c
Linking C executable cmTC_7418b
/usr/bin/cmake -E cmake_link_script CMakeFiles/cmTC_7418b.dir/link.txt --verbose=1
/usr/bin/cc   -Wall     CMakeFiles/cmTC_7418b.dir/SIZEOF_LONGLONG.c.o  -o cmTC_7418b -rdynamic 
gmake[1] : on quitte le répertoire « /home/yanis/Bureau/IHM_Lecteur/IHM_Lecteur/taglib/CMakeFiles/CMakeTmp »


Determining size of wchar_t passed with the following output:
Change Dir: /home/yanis/Bureau/IHM_Lecteur/IHM_Lecteur/taglib/CMakeFiles/CMakeTmp

Run Build Command:"/usr/bin/gmake" "cmTC_e1af0/fast"
/usr/bin/gmake -f CMakeFiles/cmTC_e1af0.dir/build.make CMakeFiles/cmTC_e1af0.dir/build
gmake[1] : on entre dans le répertoire « /home/yanis/Bureau/IHM_Lecteur/IHM_Lecteur/taglib/CMakeFiles/CMakeTmp »
Building C object CMakeFiles/cmTC_e1af0.dir/SIZEOF_WCHAR_T.c.o
/usr/bin/cc    -Wall    -o CMakeFiles/cmTC_e1af0.dir/SIZEOF_WCHAR_T.c.o   -c /home/yanis/Bureau/IHM_Lecteur/IHM_Lecteur/taglib/CMakeFiles/CheckTypeSize/SIZEOF_WCHAR_T.c
Linking C executable cmTC_e1af0
/usr/bin/cmake -E cmake_link_script CMakeFiles/cmTC_e1af0.dir/link.txt --verbose=1
/usr/bin/cc   -Wall     CMakeFiles/cmTC_e1af0.dir/SIZEOF_WCHAR_T.c.o  -o cmTC_e1af0 -rdynamic 
gmake[1] : on quitte le répertoire « /home/yanis/Bureau/IHM_Lecteur/IHM_Lecteur/taglib/CMakeFiles/CMakeTmp »


Determining size of float passed with the following output:
Change Dir: /home/yanis/Bureau/IHM_Lecteur/IHM_Lecteur/taglib/CMakeFiles/CMakeTmp

Run Build Command:"/usr/bin/gmake" "cmTC_5ed6e/fast"
/usr/bin/gmake -f CMakeFiles/cmTC_5ed6e.dir/build.make CMakeFiles/cmTC_5ed6e.dir/build
gmake[1] : on entre dans le répertoire « /home/yanis/Bureau/IHM_Lecteur/IHM_Lecteur/taglib/CMakeFiles/CMakeTmp »
Building C object CMakeFiles/cmTC_5ed6e.dir/SIZEOF_FLOAT.c.o
/usr/bin/cc    -Wall    -o CMakeFiles/cmTC_5ed6e.dir/SIZEOF_FLOAT.c.o   -c /home/yanis/Bureau/IHM_Lecteur/IHM_Lecteur/taglib/CMakeFiles/CheckTypeSize/SIZEOF_FLOAT.c
Linking C executable cmTC_5ed6e
/usr/bin/cmake -E cmake_link_script CMakeFiles/cmTC_5ed6e.dir/link.txt --verbose=1
/usr/bin/cc   -Wall     CMakeFiles/cmTC_5ed6e.dir/SIZEOF_FLOAT.c.o  -o cmTC_5ed6e -rdynamic 
gmake[1] : on quitte le répertoire « /home/yanis/Bureau/IHM_Lecteur/IHM_Lecteur/taglib/CMakeFiles/CMakeTmp »


Determining size of double passed with the following output:
Change Dir: /home/yanis/Bureau/IHM_Lecteur/IHM_Lecteur/taglib/CMakeFiles/CMakeTmp

Run Build Command:"/usr/bin/gmake" "cmTC_6c8a1/fast"
/usr/bin/gmake -f CMakeFiles/cmTC_6c8a1.dir/build.make CMakeFiles/cmTC_6c8a1.dir/build
gmake[1] : on entre dans le répertoire « /home/yanis/Bureau/IHM_Lecteur/IHM_Lecteur/taglib/CMakeFiles/CMakeTmp »
Building C object CMakeFiles/cmTC_6c8a1.dir/SIZEOF_DOUBLE.c.o
/usr/bin/cc    -Wall    -o CMakeFiles/cmTC_6c8a1.dir/SIZEOF_DOUBLE.c.o   -c /home/yanis/Bureau/IHM_Lecteur/IHM_Lecteur/taglib/CMakeFiles/CheckTypeSize/SIZEOF_DOUBLE.c
Linking C executable cmTC_6c8a1
/usr/bin/cmake -E cmake_link_script CMakeFiles/cmTC_6c8a1.dir/link.txt --verbose=1
/usr/bin/cc   -Wall     CMakeFiles/cmTC_6c8a1.dir/SIZEOF_DOUBLE.c.o  -o cmTC_6c8a1 -rdynamic 
gmake[1] : on quitte le répertoire « /home/yanis/Bureau/IHM_Lecteur/IHM_Lecteur/taglib/CMakeFiles/CMakeTmp »


Performing C++ SOURCE FILE Test HAVE_STD_ATOMIC succeeded with the following output:
Change Dir: /home/yanis/Bureau/IHM_Lecteur/IHM_Lecteur/taglib/CMakeFiles/CMakeTmp

Run Build Command:"/usr/bin/gmake" "cmTC_40ad9/fast"
/usr/bin/gmake -f CMakeFiles/cmTC_40ad9.dir/build.make CMakeFiles/cmTC_40ad9.dir/build
gmake[1] : on entre dans le répertoire « /home/yanis/Bureau/IHM_Lecteur/IHM_Lecteur/taglib/CMakeFiles/CMakeTmp »
Building CXX object CMakeFiles/cmTC_40ad9.dir/src.cxx.o
/usr/bin/c++     -Wall -DHAVE_STD_ATOMIC   -o CMakeFiles/cmTC_40ad9.dir/src.cxx.o -c /home/yanis/Bureau/IHM_Lecteur/IHM_Lecteur/taglib/CMakeFiles/CMakeTmp/src.cxx
Linking CXX executable cmTC_40ad9
/usr/bin/cmake -E cmake_link_script CMakeFiles/cmTC_40ad9.dir/link.txt --verbose=1
/usr/bin/c++    -Wall -DHAVE_STD_ATOMIC    CMakeFiles/cmTC_40ad9.dir/src.cxx.o  -o cmTC_40ad9 -rdynamic 
gmake[1] : on quitte le répertoire « /home/yanis/Bureau/IHM_Lecteur/IHM_Lecteur/taglib/CMakeFiles/CMakeTmp »

Source file was:

  #include <atomic>
  int main() {
    std::atomic<unsigned int> x;
    x.fetch_add(1);
    x.fetch_sub(1);
    return 0;
  }

Performing C++ SOURCE FILE Test HAVE_GCC_BYTESWAP succeeded with the following output:
Change Dir: /home/yanis/Bureau/IHM_Lecteur/IHM_Lecteur/taglib/CMakeFiles/CMakeTmp

Run Build Command:"/usr/bin/gmake" "cmTC_d79c5/fast"
/usr/bin/gmake -f CMakeFiles/cmTC_d79c5.dir/build.make CMakeFiles/cmTC_d79c5.dir/build
gmake[1] : on entre dans le répertoire « /home/yanis/Bureau/IHM_Lecteur/IHM_Lecteur/taglib/CMakeFiles/CMakeTmp »
Building CXX object CMakeFiles/cmTC_d79c5.dir/src.cxx.o
/usr/bin/c++     -Wall -DHAVE_GCC_BYTESWAP   -o CMakeFiles/cmTC_d79c5.dir/src.cxx.o -c /home/yanis/Bureau/IHM_Lecteur/IHM_Lecteur/taglib/CMakeFiles/CMakeTmp/src.cxx
/home/yanis/Bureau/IHM_Lecteur/IHM_Lecteur/taglib/CMakeFiles/CMakeTmp/src.cxx: Dans la fonction « int main() »:
/home/yanis/Bureau/IHM_Lecteur/IHM_Lecteur/taglib/CMakeFiles/CMakeTmp/src.cxx:3:24: attention : déclaration sans effet [-Wunused-value]
       __builtin_bswap16(0);
       ~~~~~~~~~~~~~~~~~^~~
/home/yanis/Bureau/IHM_Lecteur/IHM_Lecteur/taglib/CMakeFiles/CMakeTmp/src.cxx:4:24: attention : déclaration sans effet [-Wunused-value]
       __builtin_bswap32(0);
       ~~~~~~~~~~~~~~~~~^~~
/home/yanis/Bureau/IHM_Lecteur/IHM_Lecteur/taglib/CMakeFiles/CMakeTmp/src.cxx:5:24: attention : déclaration sans effet [-Wunused-value]
       __builtin_bswap64(0);
       ~~~~~~~~~~~~~~~~~^~~
Linking CXX executable cmTC_d79c5
/usr/bin/cmake -E cmake_link_script CMakeFiles/cmTC_d79c5.dir/link.txt --verbose=1
/usr/bin/c++    -Wall -DHAVE_GCC_BYTESWAP    CMakeFiles/cmTC_d79c5.dir/src.cxx.o  -o cmTC_d79c5 -rdynamic 
gmake[1] : on quitte le répertoire « /home/yanis/Bureau/IHM_Lecteur/IHM_Lecteur/taglib/CMakeFiles/CMakeTmp »

Source file was:

    int main() {
      __builtin_bswap16(0);
      __builtin_bswap32(0);
      __builtin_bswap64(0);
      return 0;
    }
  
Performing C++ SOURCE FILE Test HAVE_VSNPRINTF succeeded with the following output:
Change Dir: /home/yanis/Bureau/IHM_Lecteur/IHM_Lecteur/taglib/CMakeFiles/CMakeTmp

Run Build Command:"/usr/bin/gmake" "cmTC_bc498/fast"
/usr/bin/gmake -f CMakeFiles/cmTC_bc498.dir/build.make CMakeFiles/cmTC_bc498.dir/build
gmake[1] : on entre dans le répertoire « /home/yanis/Bureau/IHM_Lecteur/IHM_Lecteur/taglib/CMakeFiles/CMakeTmp »
Building CXX object CMakeFiles/cmTC_bc498.dir/src.cxx.o
/usr/bin/c++     -Wall -DHAVE_VSNPRINTF   -o CMakeFiles/cmTC_bc498.dir/src.cxx.o -c /home/yanis/Bureau/IHM_Lecteur/IHM_Lecteur/taglib/CMakeFiles/CMakeTmp/src.cxx
Linking CXX executable cmTC_bc498
/usr/bin/cmake -E cmake_link_script CMakeFiles/cmTC_bc498.dir/link.txt --verbose=1
/usr/bin/c++    -Wall -DHAVE_VSNPRINTF    CMakeFiles/cmTC_bc498.dir/src.cxx.o  -o cmTC_bc498 -rdynamic 
gmake[1] : on quitte le répertoire « /home/yanis/Bureau/IHM_Lecteur/IHM_Lecteur/taglib/CMakeFiles/CMakeTmp »

Source file was:

  #include <cstdio>
  #include <cstdarg>
  int main() {
    char buf[20];
    va_list args;
    vsnprintf(buf, 20, "%d", args);
    return 0;
  }

