Performing C++ SOURCE FILE Test HAVE_BOOST_BYTESWAP failed with the following output:
Change Dir: /home/yanis/Bureau/IHM_Lecteur/IHM_Lecteur/taglib/CMakeFiles/CMakeTmp

Run Build Command:"/usr/bin/gmake" "cmTC_fa09d/fast"
/usr/bin/gmake -f CMakeFiles/cmTC_fa09d.dir/build.make CMakeFiles/cmTC_fa09d.dir/build
gmake[1] : on entre dans le répertoire « /home/yanis/Bureau/IHM_Lecteur/IHM_Lecteur/taglib/CMakeFiles/CMakeTmp »
Building CXX object CMakeFiles/cmTC_fa09d.dir/src.cxx.o
/usr/bin/c++     -Wall -DHAVE_BOOST_BYTESWAP   -o CMakeFiles/cmTC_fa09d.dir/src.cxx.o -c /home/yanis/Bureau/IHM_Lecteur/IHM_Lecteur/taglib/CMakeFiles/CMakeTmp/src.cxx
/home/yanis/Bureau/IHM_Lecteur/IHM_Lecteur/taglib/CMakeFiles/CMakeTmp/src.cxx:2:41: erreur fatale : boost/endian/conversion.hpp : No such file or directory
   #include <boost/endian/conversion.hpp>
                                         ^
compilation terminée.
CMakeFiles/cmTC_fa09d.dir/build.make:65 : la recette pour la cible « CMakeFiles/cmTC_fa09d.dir/src.cxx.o » a échouée
gmake[1]: *** [CMakeFiles/cmTC_fa09d.dir/src.cxx.o] Erreur 1
gmake[1] : on quitte le répertoire « /home/yanis/Bureau/IHM_Lecteur/IHM_Lecteur/taglib/CMakeFiles/CMakeTmp »
Makefile:126 : la recette pour la cible « cmTC_fa09d/fast » a échouée
gmake: *** [cmTC_fa09d/fast] Erreur 2

Source file was:

  #include <boost/endian/conversion.hpp>
  int main() {
    boost::endian::endian_reverse(static_cast<uint16_t>(1));
    boost::endian::endian_reverse(static_cast<uint32_t>(1));
    boost::endian::endian_reverse(static_cast<uint64_t>(1));
    return 0;
  }

Performing C++ SOURCE FILE Test HAVE_ISO_STRDUP failed with the following output:
Change Dir: /home/yanis/Bureau/IHM_Lecteur/IHM_Lecteur/taglib/CMakeFiles/CMakeTmp

Run Build Command:"/usr/bin/gmake" "cmTC_6aaa7/fast"
/usr/bin/gmake -f CMakeFiles/cmTC_6aaa7.dir/build.make CMakeFiles/cmTC_6aaa7.dir/build
gmake[1] : on entre dans le répertoire « /home/yanis/Bureau/IHM_Lecteur/IHM_Lecteur/taglib/CMakeFiles/CMakeTmp »
Building CXX object CMakeFiles/cmTC_6aaa7.dir/src.cxx.o
/usr/bin/c++     -Wall -DHAVE_ISO_STRDUP   -o CMakeFiles/cmTC_6aaa7.dir/src.cxx.o -c /home/yanis/Bureau/IHM_Lecteur/IHM_Lecteur/taglib/CMakeFiles/CMakeTmp/src.cxx
/home/yanis/Bureau/IHM_Lecteur/IHM_Lecteur/taglib/CMakeFiles/CMakeTmp/src.cxx: Dans la fonction « int main() »:
/home/yanis/Bureau/IHM_Lecteur/IHM_Lecteur/taglib/CMakeFiles/CMakeTmp/src.cxx:4:14: erreur : « _strdup » was not declared in this scope
     _strdup(0);
              ^
CMakeFiles/cmTC_6aaa7.dir/build.make:65 : la recette pour la cible « CMakeFiles/cmTC_6aaa7.dir/src.cxx.o » a échouée
gmake[1]: *** [CMakeFiles/cmTC_6aaa7.dir/src.cxx.o] Erreur 1
gmake[1] : on quitte le répertoire « /home/yanis/Bureau/IHM_Lecteur/IHM_Lecteur/taglib/CMakeFiles/CMakeTmp »
Makefile:126 : la recette pour la cible « cmTC_6aaa7/fast » a échouée
gmake: *** [cmTC_6aaa7/fast] Erreur 2

Source file was:

  #include <cstring>
  int main() {
    _strdup(0);
    return 0;
  }

Determining if the function __RTTI___ exists in the Crun failed with the following output:
Change Dir: /home/yanis/Bureau/IHM_Lecteur/IHM_Lecteur/taglib/CMakeFiles/CMakeTmp

Run Build Command:"/usr/bin/gmake" "cmTC_d061c/fast"
/usr/bin/gmake -f CMakeFiles/cmTC_d061c.dir/build.make CMakeFiles/cmTC_d061c.dir/build
gmake[1] : on entre dans le répertoire « /home/yanis/Bureau/IHM_Lecteur/IHM_Lecteur/taglib/CMakeFiles/CMakeTmp »
Building C object CMakeFiles/cmTC_d061c.dir/CheckFunctionExists.c.o
/usr/bin/cc    -Wall -DCHECK_FUNCTION_EXISTS=__RTTI___   -o CMakeFiles/cmTC_d061c.dir/CheckFunctionExists.c.o   -c /usr/share/cmake/Modules/CheckFunctionExists.c
Linking C executable cmTC_d061c
/usr/bin/cmake -E cmake_link_script CMakeFiles/cmTC_d061c.dir/link.txt --verbose=1
/usr/bin/cc   -Wall -DCHECK_FUNCTION_EXISTS=__RTTI___    CMakeFiles/cmTC_d061c.dir/CheckFunctionExists.c.o  -o cmTC_d061c -rdynamic -lCrun 
/usr/bin/ld : ne peut trouver -lCrun
collect2: erreur : ld a retourné 1 code d'état d'exécution
CMakeFiles/cmTC_d061c.dir/build.make:97 : la recette pour la cible « cmTC_d061c » a échouée
gmake[1]: *** [cmTC_d061c] Erreur 1
gmake[1] : on quitte le répertoire « /home/yanis/Bureau/IHM_Lecteur/IHM_Lecteur/taglib/CMakeFiles/CMakeTmp »
Makefile:126 : la recette pour la cible « cmTC_d061c/fast » a échouée
gmake: *** [cmTC_d061c/fast] Erreur 2


